#
# A fatal error has been detected by the Java Runtime Environment:
#
#  EXCEPTION_ACCESS_VIOLATION (0xc0000005) at pc=0x000007feeb2e52dc, pid=2620, tid=1208
#
# JRE version: Java(TM) SE Runtime Environment (11.0.2+9) (build 11.0.2+9-LTS)
# Java VM: Java HotSpot(TM) 64-Bit Server VM (11.0.2+9-LTS, mixed mode, tiered, compressed oops, g1 gc, windows-amd64)
# Problematic frame:
# V  [jvm.dll+0x1752dc]
#
# No core dump will be written. Minidumps are not enabled by default on client versions of Windows
#
# If you would like to submit a bug report, please visit:
#   http://bugreport.java.com/bugreport/crash.jsp
#

---------------  S U M M A R Y ------------

Command Line: -Dclassworlds.conf=C:/Users/HP/Desktop/apache-maven-3.6.0-bin/apache-maven-3.6.0/bin/m2.conf -Dmaven.home=C:/Users/HP/Desktop/apache-maven-3.6.0-bin/apache-maven-3.6.0 -Dlibrary.jansi.path=C:/Users/HP/Desktop/apache-maven-3.6.0-bin/apache-maven-3.6.0/lib/jansi-native -Dmaven.multiModuleProjectDirectory=C:/Users/HP/Desktop/apache-maven-3.6.0-bin/apache-maven-3.6.0/mymavenproject org.codehaus.plexus.classworlds.launcher.Launcher test

Host: Intel(R) Core(TM) i5 CPU       M 450  @ 2.40GHz, 4 cores, 3G,  Windows 7 , 64 bit Build 7601 (6.1.7601.24335)
Time: Tue Feb 26 13:51:23 2019 India Standard Time elapsed time: 0 seconds (0d 0h 0m 0s)

---------------  T H R E A D  ---------------

Current thread (0x000000005fa5a800):  JavaThread "C1 CompilerThread0" daemon [_thread_in_native, id=1208, stack(0x0000000060600000,0x0000000060700000)]


Current CompileTask:
C1:    546  503       3       java.net.URLStreamHandler::parseURL (1201 bytes)

Stack: [0x0000000060600000,0x0000000060700000],  sp=0x00000000606fd440,  free space=1013k
Native frames: (J=compiled Java code, j=interpreted, Vv=VM code, C=native code)
V  [jvm.dll+0x1752dc]
V  [jvm.dll+0x17eedb]
V  [jvm.dll+0x176388]
V  [jvm.dll+0x17987f]
V  [jvm.dll+0x12ce9f]
V  [jvm.dll+0x12c6a9]
V  [jvm.dll+0x12c8df]
V  [jvm.dll+0x12ba57]
V  [jvm.dll+0x12daf7]
V  [jvm.dll+0x2263af]
V  [jvm.dll+0x2249b8]
V  [jvm.dll+0x738a9d]
V  [jvm.dll+0x6347f2]
C  [ucrtbase.DLL+0x1d885]
C  [kernel32.dll+0x159cd]
C  [ntdll.dll+0x5385d]


siginfo: EXCEPTION_ACCESS_VIOLATION (0xc0000005), reading address 0xffffffffffffffff


Register to memory mapping:

RIP=0x000007feeb2e52dc jvm.dll
RAX=0x0000000000000001 is an unknown value
RBX=0x0000000060ff8c40 points into unknown readable memory: c7 09 00 00 0c 00 00 00
RCX=0x2000000060ff8c40 is an unknown value
RDX=0x0000000060ff8c40 points into unknown readable memory: c7 09 00 00 0c 00 00 00
RSP=0x00000000606fd440 is pointing into the stack for thread: 0x000000005fa5a800
RBP=0x0000000000000001 is an unknown value
RSI=0x0000000000002542 is an unknown value
RDI=0x00000000606fda70 is pointing into the stack for thread: 0x000000005fa5a800
R8 =0x0000000000000004 is an unknown value
R9 =0x000000000000002c is an unknown value
R10=0x000000000000000b is an unknown value
R11=0x00000000606fda70 is pointing into the stack for thread: 0x000000005fa5a800
R12=0x0 is NULL
R13=0x00000000606fe8c0 is pointing into the stack for thread: 0x000000005fa5a800
R14=0x0 is NULL
R15=0x0000000060a938f0 points into unknown readable memory: 30 ca d5 60 00 00 00 00


Registers:
RAX=0x0000000000000001, RBX=0x0000000060ff8c40, RCX=0x2000000060ff8c40, RDX=0x0000000060ff8c40
RSP=0x00000000606fd440, RBP=0x0000000000000001, RSI=0x0000000000002542, RDI=0x00000000606fda70
R8 =0x0000000000000004, R9 =0x000000000000002c, R10=0x000000000000000b, R11=0x00000000606fda70
R12=0x0000000000000000, R13=0x00000000606fe8c0, R14=0x0000000000000000, R15=0x0000000060a938f0
RIP=0x000007feeb2e52dc, EFLAGS=0x0000000000010246

Top of Stack: (sp=0x00000000606fd440)
0x00000000606fd440:   0000000060ff8600 0000000060ff8c40
0x00000000606fd450:   0000000000000000 0000000000000000
0x00000000606fd460:   0000000000002542 000000007fffffff
0x00000000606fd470:   00000000606fda70 000007feeb2eeedb
0x00000000606fd480:   0000000000002542 0000000000000000
0x00000000606fd490:   0000000060a938f0 0000000000000002
0x00000000606fd4a0:   0000000000000001 000000005f9ee060
0x00000000606fd4b0:   000000005faf6550 000007feeb2e6388
0x00000000606fd4c0:   000000006122e770 000000005fa89560
0x00000000606fd4d0:   000000005faf5be0 000000005fa89560
0x00000000606fd4e0:   0000000000000012 00000000611f4000
0x00000000606fd4f0:   0000000200000000 0000000000000000
0x00000000606fd500:   0000000000000012 00000000611f3ff0
0x00000000606fd510:   0000000200000000 0000000000000000
0x00000000606fd520:   0000000000000012 00000000611f3fe0
0x00000000606fd530:   000000005faa7300 00000000606fe530 

Instructions: (pc=0x000007feeb2e52dc)
0x000007feeb2e52bc:   4c 8b cb 4c 8b 43 60 8b 11 48 8b cf 4d 8b 80 88
0x000007feeb2e52cc:   00 00 00 e8 cc 57 00 00 48 8b 4b 60 40 0f b6 c5
0x000007feeb2e52dc:   48 89 99 88 00 00 00 48 83 c4 20 5f 5d 5b c3 be
0x000007feeb2e52ec:   0a 00 00 00 e9 3e ff ff ff cc cc cc cc cc cc cc 


Stack slot to memory mapping:
stack at sp + 0 slots: 0x0000000060ff8600 points into unknown readable memory: 5e 25 00 00 63 25 00 00
stack at sp + 1 slots: 0x0000000060ff8c40 points into unknown readable memory: c7 09 00 00 0c 00 00 00
stack at sp + 2 slots: 0x0 is NULL
stack at sp + 3 slots: 0x0 is NULL
stack at sp + 4 slots: 0x0000000000002542 is an unknown value
stack at sp + 5 slots: 0x000000007fffffff is an unknown value
stack at sp + 6 slots: 0x00000000606fda70 is pointing into the stack for thread: 0x000000005fa5a800
stack at sp + 7 slots: 0x000007feeb2eeedb jvm.dll


---------------  P R O C E S S  ---------------

Threads class SMR info:
_java_thread_list=0x00000000609c85e0, length=10, elements={
0x00000000003e2800, 0x000000005fa38800, 0x000000005fa42000, 0x000000005fa4e800,
0x000000005fa51800, 0x000000005fa55000, 0x000000005fa5a800, 0x000000005fa5f800,
0x00000000609c9800, 0x0000000060a12800
}

Java Threads: ( => current thread )
  0x00000000003e2800 JavaThread "main" [_thread_in_vm, id=3212, stack(0x00000000022d0000,0x00000000023d0000)]
  0x000000005fa38800 JavaThread "Reference Handler" daemon [_thread_blocked, id=2672, stack(0x000000001ed40000,0x000000001ee40000)]
  0x000000005fa42000 JavaThread "Finalizer" daemon [_thread_blocked, id=3460, stack(0x000000005fe10000,0x000000005ff10000)]
  0x000000005fa4e800 JavaThread "Signal Dispatcher" daemon [_thread_blocked, id=4120, stack(0x0000000060060000,0x0000000060160000)]
  0x000000005fa51800 JavaThread "Attach Listener" daemon [_thread_blocked, id=3328, stack(0x0000000060260000,0x0000000060360000)]
  0x000000005fa55000 JavaThread "C2 CompilerThread0" daemon [_thread_in_native, id=4248, stack(0x0000000060410000,0x0000000060510000)]
=>0x000000005fa5a800 JavaThread "C1 CompilerThread0" daemon [_thread_in_native, id=1208, stack(0x0000000060600000,0x0000000060700000)]
  0x000000005fa5f800 JavaThread "Sweeper thread" daemon [_thread_blocked, id=3684, stack(0x0000000060860000,0x0000000060960000)]
  0x00000000609c9800 JavaThread "Service Thread" daemon [_thread_blocked, id=3852, stack(0x000000005ff40000,0x0000000060040000)]
  0x0000000060a12800 JavaThread "Common-Cleaner" daemon [_thread_blocked, id=2504, stack(0x0000000060da0000,0x0000000060ea0000)]

Other Threads:
  0x000000005f9f3000 VMThread "VM Thread" [stack: 0x000000005fc30000,0x000000005fd30000] [id=2636]
  0x00000000609d1800 WatcherThread [stack: 0x0000000060750000,0x0000000060850000] [id=4472]
  0x00000000003f4800 GCTaskThread "GC Thread#0" [stack: 0x0000000019ce0000,0x0000000019de0000] [id=2400]
  0x0000000000410000 ConcurrentGCThread "G1 Main Marker" [stack: 0x000000001c660000,0x000000001c760000] [id=4564]
  0x0000000000411000 ConcurrentGCThread "G1 Conc#0" [stack: 0x000000001c8b0000,0x000000001c9b0000] [id=5096]
  0x000000001ebe0800 ConcurrentGCThread "G1 Refine#0" [stack: 0x000000001ee80000,0x000000001ef80000] [id=3904]
  0x000000000045d800 ConcurrentGCThread "G1 Young RemSet Sampling" [stack: 0x000000001f050000,0x000000001f150000] [id=4876]

Threads with active compile tasks:
C2 CompilerThread0 536   !   4       java.util.jar.JarFile::checkForSpecialAttributes (163 bytes)
C1 CompilerThread0 503       3       java.net.URLStreamHandler::parseURL (1201 bytes)

VM state:not at safepoint (normal execution)

VM Mutex/Monitor currently owned by a thread: None

Heap address: 0x00000000c3400000, size: 972 MB, Compressed Oops mode: 32-bit
Narrow klass base: 0x0000000000000000, Narrow klass shift: 0
Compressed class space size: 1073741824 Address: 0x000000001f150000

Heap:
 garbage-first heap   total 63488K, used 9216K [0x00000000c3400000, 0x0000000100000000)
  region size 1024K, 11 young (11264K), 0 survivors (0K)
 Metaspace       used 9869K, capacity 10025K, committed 10240K, reserved 1058816K
  class space    used 943K, capacity 1024K, committed 1024K, reserved 1048576K
Heap Regions: E=young(eden), S=young(survivor), O=old, HS=humongous(starts), HC=humongous(continues), CS=collection set, F=free, A=archive, TAMS=top-at-mark-start (previous, next)
|   0|0x00000000c3400000, 0x00000000c3400000, 0x00000000c3500000|  0%| F|  |TAMS 0x00000000c3400000, 0x00000000c3400000| Untracked 
|   1|0x00000000c3500000, 0x00000000c3500000, 0x00000000c3600000|  0%| F|  |TAMS 0x00000000c3500000, 0x00000000c3500000| Untracked 
|   2|0x00000000c3600000, 0x00000000c3600000, 0x00000000c3700000|  0%| F|  |TAMS 0x00000000c3600000, 0x00000000c3600000| Untracked 
|   3|0x00000000c3700000, 0x00000000c3700000, 0x00000000c3800000|  0%| F|  |TAMS 0x00000000c3700000, 0x00000000c3700000| Untracked 
|   4|0x00000000c3800000, 0x00000000c3800000, 0x00000000c3900000|  0%| F|  |TAMS 0x00000000c3800000, 0x00000000c3800000| Untracked 
|   5|0x00000000c3900000, 0x00000000c3900000, 0x00000000c3a00000|  0%| F|  |TAMS 0x00000000c3900000, 0x00000000c3900000| Untracked 
|   6|0x00000000c3a00000, 0x00000000c3a00000, 0x00000000c3b00000|  0%| F|  |TAMS 0x00000000c3a00000, 0x00000000c3a00000| Untracked 
|   7|0x00000000c3b00000, 0x00000000c3b00000, 0x00000000c3c00000|  0%| F|  |TAMS 0x00000000c3b00000, 0x00000000c3b00000| Untracked 
|   8|0x00000000c3c00000, 0x00000000c3c00000, 0x00000000c3d00000|  0%| F|  |TAMS 0x00000000c3c00000, 0x00000000c3c00000| Untracked 
|   9|0x00000000c3d00000, 0x00000000c3d00000, 0x00000000c3e00000|  0%| F|  |TAMS 0x00000000c3d00000, 0x00000000c3d00000| Untracked 
|  10|0x00000000c3e00000, 0x00000000c3e00000, 0x00000000c3f00000|  0%| F|  |TAMS 0x00000000c3e00000, 0x00000000c3e00000| Untracked 
|  11|0x00000000c3f00000, 0x00000000c3f00000, 0x00000000c4000000|  0%| F|  |TAMS 0x00000000c3f00000, 0x00000000c3f00000| Untracked 
|  12|0x00000000c4000000, 0x00000000c4000000, 0x00000000c4100000|  0%| F|  |TAMS 0x00000000c4000000, 0x00000000c4000000| Untracked 
|  13|0x00000000c4100000, 0x00000000c4100000, 0x00000000c4200000|  0%| F|  |TAMS 0x00000000c4100000, 0x00000000c4100000| Untracked 
|  14|0x00000000c4200000, 0x00000000c4200000, 0x00000000c4300000|  0%| F|  |TAMS 0x00000000c4200000, 0x00000000c4200000| Untracked 
|  15|0x00000000c4300000, 0x00000000c4300000, 0x00000000c4400000|  0%| F|  |TAMS 0x00000000c4300000, 0x00000000c4300000| Untracked 
|  16|0x00000000c4400000, 0x00000000c4400000, 0x00000000c4500000|  0%| F|  |TAMS 0x00000000c4400000, 0x00000000c4400000| Untracked 
|  17|0x00000000c4500000, 0x00000000c4500000, 0x00000000c4600000|  0%| F|  |TAMS 0x00000000c4500000, 0x00000000c4500000| Untracked 
|  18|0x00000000c4600000, 0x00000000c4600000, 0x00000000c4700000|  0%| F|  |TAMS 0x00000000c4600000, 0x00000000c4600000| Untracked 
|  19|0x00000000c4700000, 0x00000000c4700000, 0x00000000c4800000|  0%| F|  |TAMS 0x00000000c4700000, 0x00000000c4700000| Untracked 
|  20|0x00000000c4800000, 0x00000000c4800000, 0x00000000c4900000|  0%| F|  |TAMS 0x00000000c4800000, 0x00000000c4800000| Untracked 
|  21|0x00000000c4900000, 0x00000000c4900000, 0x00000000c4a00000|  0%| F|  |TAMS 0x00000000c4900000, 0x00000000c4900000| Untracked 
|  22|0x00000000c4a00000, 0x00000000c4a00000, 0x00000000c4b00000|  0%| F|  |TAMS 0x00000000c4a00000, 0x00000000c4a00000| Untracked 
|  23|0x00000000c4b00000, 0x00000000c4b00000, 0x00000000c4c00000|  0%| F|  |TAMS 0x00000000c4b00000, 0x00000000c4b00000| Untracked 
|  24|0x00000000c4c00000, 0x00000000c4c00000, 0x00000000c4d00000|  0%| F|  |TAMS 0x00000000c4c00000, 0x00000000c4c00000| Untracked 
|  25|0x00000000c4d00000, 0x00000000c4d00000, 0x00000000c4e00000|  0%| F|  |TAMS 0x00000000c4d00000, 0x00000000c4d00000| Untracked 
|  26|0x00000000c4e00000, 0x00000000c4e00000, 0x00000000c4f00000|  0%| F|  |TAMS 0x00000000c4e00000, 0x00000000c4e00000| Untracked 
|  27|0x00000000c4f00000, 0x00000000c4f00000, 0x00000000c5000000|  0%| F|  |TAMS 0x00000000c4f00000, 0x00000000c4f00000| Untracked 
|  28|0x00000000c5000000, 0x00000000c5000000, 0x00000000c5100000|  0%| F|  |TAMS 0x00000000c5000000, 0x00000000c5000000| Untracked 
|  29|0x00000000c5100000, 0x00000000c5100000, 0x00000000c5200000|  0%| F|  |TAMS 0x00000000c5100000, 0x00000000c5100000| Untracked 
|  30|0x00000000c5200000, 0x00000000c5200000, 0x00000000c5300000|  0%| F|  |TAMS 0x00000000c5200000, 0x00000000c5200000| Untracked 
|  31|0x00000000c5300000, 0x00000000c5300000, 0x00000000c5400000|  0%| F|  |TAMS 0x00000000c5300000, 0x00000000c5300000| Untracked 
|  32|0x00000000c5400000, 0x00000000c5400000, 0x00000000c5500000|  0%| F|  |TAMS 0x00000000c5400000, 0x00000000c5400000| Untracked 
|  33|0x00000000c5500000, 0x00000000c5500000, 0x00000000c5600000|  0%| F|  |TAMS 0x00000000c5500000, 0x00000000c5500000| Untracked 
|  34|0x00000000c5600000, 0x00000000c5600000, 0x00000000c5700000|  0%| F|  |TAMS 0x00000000c5600000, 0x00000000c5600000| Untracked 
|  35|0x00000000c5700000, 0x00000000c5700000, 0x00000000c5800000|  0%| F|  |TAMS 0x00000000c5700000, 0x00000000c5700000| Untracked 
|  36|0x00000000c5800000, 0x00000000c5800000, 0x00000000c5900000|  0%| F|  |TAMS 0x00000000c5800000, 0x00000000c5800000| Untracked 
|  37|0x00000000c5900000, 0x00000000c5900000, 0x00000000c5a00000|  0%| F|  |TAMS 0x00000000c5900000, 0x00000000c5900000| Untracked 
|  38|0x00000000c5a00000, 0x00000000c5a00000, 0x00000000c5b00000|  0%| F|  |TAMS 0x00000000c5a00000, 0x00000000c5a00000| Untracked 
|  39|0x00000000c5b00000, 0x00000000c5b00000, 0x00000000c5c00000|  0%| F|  |TAMS 0x00000000c5b00000, 0x00000000c5b00000| Untracked 
|  40|0x00000000c5c00000, 0x00000000c5c00000, 0x00000000c5d00000|  0%| F|  |TAMS 0x00000000c5c00000, 0x00000000c5c00000| Untracked 
|  41|0x00000000c5d00000, 0x00000000c5d00000, 0x00000000c5e00000|  0%| F|  |TAMS 0x00000000c5d00000, 0x00000000c5d00000| Untracked 
|  42|0x00000000c5e00000, 0x00000000c5e00000, 0x00000000c5f00000|  0%| F|  |TAMS 0x00000000c5e00000, 0x00000000c5e00000| Untracked 
|  43|0x00000000c5f00000, 0x00000000c5f00000, 0x00000000c6000000|  0%| F|  |TAMS 0x00000000c5f00000, 0x00000000c5f00000| Untracked 
|  44|0x00000000c6000000, 0x00000000c6000000, 0x00000000c6100000|  0%| F|  |TAMS 0x00000000c6000000, 0x00000000c6000000| Untracked 
|  45|0x00000000c6100000, 0x00000000c6100000, 0x00000000c6200000|  0%| F|  |TAMS 0x00000000c6100000, 0x00000000c6100000| Untracked 
|  46|0x00000000c6200000, 0x00000000c6200000, 0x00000000c6300000|  0%| F|  |TAMS 0x00000000c6200000, 0x00000000c6200000| Untracked 
|  47|0x00000000c6300000, 0x00000000c6300000, 0x00000000c6400000|  0%| F|  |TAMS 0x00000000c6300000, 0x00000000c6300000| Untracked 
|  48|0x00000000c6400000, 0x00000000c6400000, 0x00000000c6500000|  0%| F|  |TAMS 0x00000000c6400000, 0x00000000c6400000| Untracked 
|  49|0x00000000c6500000, 0x00000000c6500000, 0x00000000c6600000|  0%| F|  |TAMS 0x00000000c6500000, 0x00000000c6500000| Untracked 
|  50|0x00000000c6600000, 0x00000000c6600000, 0x00000000c6700000|  0%| F|  |TAMS 0x00000000c6600000, 0x00000000c6600000| Untracked 
|  51|0x00000000c6700000, 0x00000000c6800000, 0x00000000c6800000|100%| E|  |TAMS 0x00000000c6700000, 0x00000000c6700000| Complete 
|  52|0x00000000c6800000, 0x00000000c6900000, 0x00000000c6900000|100%| E|CS|TAMS 0x00000000c6800000, 0x00000000c6800000| Complete 
|  53|0x00000000c6900000, 0x00000000c6a00000, 0x00000000c6a00000|100%| E|CS|TAMS 0x00000000c6900000, 0x00000000c6900000| Complete 
|  54|0x00000000c6a00000, 0x00000000c6b00000, 0x00000000c6b00000|100%| E|CS|TAMS 0x00000000c6a00000, 0x00000000c6a00000| Complete 
|  55|0x00000000c6b00000, 0x00000000c6c00000, 0x00000000c6c00000|100%| E|CS|TAMS 0x00000000c6b00000, 0x00000000c6b00000| Complete 
|  56|0x00000000c6c00000, 0x00000000c6d00000, 0x00000000c6d00000|100%| E|CS|TAMS 0x00000000c6c00000, 0x00000000c6c00000| Complete 
|  57|0x00000000c6d00000, 0x00000000c6e00000, 0x00000000c6e00000|100%| E|CS|TAMS 0x00000000c6d00000, 0x00000000c6d00000| Complete 
|  58|0x00000000c6e00000, 0x00000000c6f00000, 0x00000000c6f00000|100%| E|CS|TAMS 0x00000000c6e00000, 0x00000000c6e00000| Complete 
|  59|0x00000000c6f00000, 0x00000000c7000000, 0x00000000c7000000|100%| E|CS|TAMS 0x00000000c6f00000, 0x00000000c6f00000| Complete 
|  60|0x00000000c7000000, 0x00000000c7100000, 0x00000000c7100000|100%| E|  |TAMS 0x00000000c7000000, 0x00000000c7000000| Complete 
|  61|0x00000000c7100000, 0x00000000c7200000, 0x00000000c7200000|100%| E|CS|TAMS 0x00000000c7100000, 0x00000000c7100000| Complete 

Card table byte_map: [0x000000001a300000,0x000000001a4f0000] _byte_map_base: 0x0000000019ce6000

Marking Bits (Prev, Next): (CMBitMap*) 0x000000000040b3a8, (CMBitMap*) 0x000000000040b3e0
 Prev Bits: [0x000000001a6e0000, 0x000000001b610000)
 Next Bits: [0x000000001b610000, 0x000000001c540000)

Polling page: 0x0000000000330000

Metaspace:

Usage:
  Non-class:      8.79 MB capacity,     8.73 MB (>99%) used,    56.45 KB ( <1%) free+waste,     9.44 KB ( <1%) overhead. 
      Class:      1.00 MB capacity,   945.07 KB ( 92%) used,    74.55 KB (  7%) free+waste,     4.38 KB ( <1%) overhead. 
       Both:      9.79 MB capacity,     9.65 MB ( 99%) used,   131.00 KB (  1%) free+waste,    13.81 KB ( <1%) overhead. 

Virtual space:
  Non-class space:       10.00 MB reserved,       9.00 MB ( 90%) committed 
      Class space:        1.00 GB reserved,       1.00 MB ( <1%) committed 
             Both:        1.01 GB reserved,      10.00 MB ( <1%) committed 

Chunk freelists:
   Non-Class:  2.88 KB
       Class:  0 bytes
        Both:  2.88 KB

CodeHeap 'non-profiled nmethods': size=120064Kb used=189Kb max_used=189Kb free=119874Kb
 bounds [0x00000000125d0000, 0x0000000012840000, 0x0000000019b10000]
CodeHeap 'profiled nmethods': size=120000Kb used=830Kb max_used=830Kb free=119169Kb
 bounds [0x000000000b0a0000, 0x000000000b310000, 0x00000000125d0000]
CodeHeap 'non-nmethods': size=5696Kb used=1062Kb max_used=1080Kb free=4633Kb
 bounds [0x000000000ab10000, 0x000000000ad80000, 0x000000000b0a0000]
 total_blobs=1075 nmethods=550 adapters=284
 compilation: enabled
              stopped_count=0, restarted_count=0
 full_count=0

Compilation events (10 events):
Event: 0.479 Thread 0x000000005fa5a800 nmethod 502 0x000000000b16f610 code [0x000000000b16f7e0, 0x000000000b16f9e0]
Event: 0.479 Thread 0x000000005fa5a800  503       3       java.net.URLStreamHandler::parseURL (1201 bytes)
Event: 0.500 Thread 0x000000005fa55000 nmethod 499 0x00000000125f2d90 code [0x00000000125f2f60, 0x00000000125f39a8]
Event: 0.501 Thread 0x000000005fa55000  504       4       java.lang.StringLatin1::replace (196 bytes)
Event: 0.513 Thread 0x000000005fa55000 nmethod 504 0x00000000125f4810 code [0x00000000125f49c0, 0x00000000125f4ef8]
Event: 0.520 Thread 0x000000005fa55000  521       4       java.lang.String::checkBoundsBeginEnd (60 bytes)
Event: 0.521 Thread 0x000000005fa55000 nmethod 521 0x00000000125f5190 code [0x00000000125f5320, 0x00000000125f53b8]
Event: 0.529 Thread 0x000000005fa55000  523       4       java.util.HashMap::hash (20 bytes)
Event: 0.530 Thread 0x000000005fa55000 nmethod 523 0x00000000125f5490 code [0x00000000125f5620, 0x00000000125f56d8]
Event: 0.533 Thread 0x000000005fa55000  526 %     4       java.lang.StringLatin1::indexOf @ 30 (121 bytes)

GC Heap History (0 events):
No events

Deoptimization events (3 events):
Event: 0.107 Thread 0x00000000003e2800 Uncommon trap: reason=unstable_if action=reinterpret pc=0x00000000125d4cec method=java.lang.String.hashCode()I @ 14 c2
Event: 0.428 Thread 0x00000000003e2800 Uncommon trap: reason=unstable_if action=reinterpret pc=0x00000000125dd7d0 method=java.lang.StringLatin1.canEncode(I)Z @ 4 c2
Event: 0.428 Thread 0x00000000003e2800 Uncommon trap: reason=unstable_if action=reinterpret pc=0x00000000125de12c method=java.lang.AbstractStringBuilder.isLatin1()Z @ 10 c2

Classes redefined (0 events):
No events

Internal exceptions (1 events):
Event: 0.273 Thread 0x00000000003e2800 Exception <a 'java/lang/NoSuchMethodError'{0x00000000c6e38bd0}: java.lang.invoke.DirectMethodHandle$Holder.invokeSpecialIFC(Ljava/lang/Object;Ljava/lang/Object;I)I> (0x00000000c6e38bd0) thrown at [t:/workspace/open/src/hotspot/share/interpreter/linkResolv

Events (10 events):
Event: 0.535 loading class org/codehaus/plexus/component/repository/exception/ComponentLookupException
Event: 0.535 loading class org/codehaus/plexus/component/repository/exception/ComponentLookupException done
Event: 0.535 Executing VM operation: Deoptimize
Event: 0.536 Executing VM operation: Deoptimize done
Event: 0.536 loading class java/lang/TypeNotPresentException
Event: 0.536 loading class java/lang/TypeNotPresentException done
Event: 0.536 loading class org/codehaus/plexus/context/Context
Event: 0.536 loading class org/codehaus/plexus/context/Context done
Event: 0.537 loading class org/codehaus/plexus/PlexusContainerException
Event: 0.537 loading class org/codehaus/plexus/PlexusContainerException done


Dynamic libraries:
0x000000013f690000 - 0x000000013f6d7000 	C:\Program Files\Java\jdk-11.0.2\bin\java.exe
0x00000000779b0000 - 0x0000000077b4f000 	C:\Windows\SYSTEM32\ntdll.dll
0x0000000077790000 - 0x00000000778af000 	C:\Windows\system32\kernel32.dll
0x000007fefd620000 - 0x000007fefd68a000 	C:\Windows\system32\KERNELBASE.dll
0x000007fefe150000 - 0x000007fefe22b000 	C:\Windows\system32\ADVAPI32.dll
0x000007fefdbc0000 - 0x000007fefdc5f000 	C:\Windows\system32\msvcrt.dll
0x000007fefdd90000 - 0x000007fefddaf000 	C:\Windows\SYSTEM32\sechost.dll
0x000007fefe230000 - 0x000007fefe35d000 	C:\Windows\system32\RPCRT4.dll
0x00000000778b0000 - 0x00000000779aa000 	C:\Windows\system32\USER32.dll
0x000007fefda40000 - 0x000007fefdaa7000 	C:\Windows\system32\GDI32.dll
0x000007fefef00000 - 0x000007fefef0e000 	C:\Windows\system32\LPK.dll
0x000007fefdcc0000 - 0x000007fefdd8b000 	C:\Windows\system32\USP10.dll
0x000007fefcb40000 - 0x000007fefcd34000 	C:\Windows\WinSxS\amd64_microsoft.windows.common-controls_6595b64144ccf1df_6.0.7601.18837_none_fa3b1e3d17594757\COMCTL32.dll
0x000007fefd9c0000 - 0x000007fefda31000 	C:\Windows\system32\SHLWAPI.dll
0x000007fefbee0000 - 0x000007fefbeec000 	C:\Windows\system32\VERSION.dll
0x000007fefeed0000 - 0x000007fefeefe000 	C:\Windows\system32\IMM32.DLL
0x000007fefdab0000 - 0x000007fefdbb9000 	C:\Windows\system32\MSCTF.dll
0x000007fef79b0000 - 0x000007fef79b3000 	C:\Windows\system32\api-ms-win-core-synch-l1-2-0.DLL
0x000007fef7340000 - 0x000007fef7356000 	C:\Program Files\Java\jdk-11.0.2\bin\vcruntime140.dll
0x000007fef9950000 - 0x000007fef9954000 	C:\Program Files\Java\jdk-11.0.2\bin\api-ms-win-crt-runtime-l1-1-0.dll
0x000007fef2990000 - 0x000007fef2a86000 	C:\Program Files\Java\jdk-11.0.2\bin\ucrtbase.DLL
0x000007fef9940000 - 0x000007fef9943000 	C:\Program Files\Java\jdk-11.0.2\bin\api-ms-win-core-localization-l1-2-0.dll
0x000007fef9930000 - 0x000007fef9933000 	C:\Program Files\Java\jdk-11.0.2\bin\api-ms-win-core-processthreads-l1-1-1.dll
0x000007fef9850000 - 0x000007fef9853000 	C:\Program Files\Java\jdk-11.0.2\bin\api-ms-win-core-file-l1-2-0.dll
0x000007fef5ed0000 - 0x000007fef5ed3000 	C:\Program Files\Java\jdk-11.0.2\bin\api-ms-win-core-timezone-l1-1-0.dll
0x000007fef60b0000 - 0x000007fef60b3000 	C:\Program Files\Java\jdk-11.0.2\bin\api-ms-win-core-file-l2-1-0.dll
0x000007fef5e70000 - 0x000007fef5e74000 	C:\Program Files\Java\jdk-11.0.2\bin\api-ms-win-crt-string-l1-1-0.dll
0x000007fef5ec0000 - 0x000007fef5ec3000 	C:\Program Files\Java\jdk-11.0.2\bin\api-ms-win-crt-heap-l1-1-0.dll
0x000007fef53c0000 - 0x000007fef53c4000 	C:\Program Files\Java\jdk-11.0.2\bin\api-ms-win-crt-stdio-l1-1-0.dll
0x000007fef5bc0000 - 0x000007fef5bc4000 	C:\Program Files\Java\jdk-11.0.2\bin\api-ms-win-crt-convert-l1-1-0.dll
0x000007fef3dd0000 - 0x000007fef3e7a000 	C:\Program Files\Java\jdk-11.0.2\bin\msvcp140.dll
0x000007fef5110000 - 0x000007fef5113000 	C:\Program Files\Java\jdk-11.0.2\bin\api-ms-win-crt-locale-l1-1-0.dll
0x000007fef5120000 - 0x000007fef5125000 	C:\Program Files\Java\jdk-11.0.2\bin\api-ms-win-crt-math-l1-1-0.dll
0x000007fef50f0000 - 0x000007fef50f5000 	C:\Program Files\Java\jdk-11.0.2\bin\api-ms-win-crt-multibyte-l1-1-0.dll
0x000007fef5100000 - 0x000007fef5103000 	C:\Program Files\Java\jdk-11.0.2\bin\api-ms-win-crt-time-l1-1-0.dll
0x000007fef4dd0000 - 0x000007fef4dd3000 	C:\Program Files\Java\jdk-11.0.2\bin\api-ms-win-crt-filesystem-l1-1-0.dll
0x000007fef4de0000 - 0x000007fef4de3000 	C:\Program Files\Java\jdk-11.0.2\bin\api-ms-win-crt-environment-l1-1-0.dll
0x000007fef4db0000 - 0x000007fef4db3000 	C:\Program Files\Java\jdk-11.0.2\bin\api-ms-win-crt-utility-l1-1-0.dll
0x000007feeb170000 - 0x000007feebc97000 	C:\Program Files\Java\jdk-11.0.2\bin\server\jvm.dll
0x000007fef7450000 - 0x000007fef7459000 	C:\Windows\system32\WSOCK32.dll
0x000007fefee80000 - 0x000007fefeecd000 	C:\Windows\system32\WS2_32.dll
0x000007fefdfb0000 - 0x000007fefdfb8000 	C:\Windows\system32\NSI.dll
0x000007fefb090000 - 0x000007fefb0cb000 	C:\Windows\system32\WINMM.dll
0x0000000077b50000 - 0x0000000077b57000 	C:\Windows\system32\PSAPI.DLL
0x000007fef46e0000 - 0x000007fef46f1000 	C:\Program Files\Java\jdk-11.0.2\bin\verify.dll
0x000007fef7880000 - 0x000007fef79a5000 	C:\Windows\system32\DBGHELP.DLL
0x000007fef43a0000 - 0x000007fef43c9000 	C:\Program Files\Java\jdk-11.0.2\bin\java.dll
0x000007fef4380000 - 0x000007fef4396000 	C:\Program Files\Java\jdk-11.0.2\bin\zip.dll
0x000007fef4dc0000 - 0x000007fef4dca000 	C:\Program Files\Java\jdk-11.0.2\bin\jimage.dll
0x000007fefef10000 - 0x000007feffc9a000 	C:\Windows\system32\SHELL32.dll
0x000007fefddb0000 - 0x000007fefdfaf000 	C:\Windows\system32\ole32.dll
0x000007fefd500000 - 0x000007fefd50f000 	C:\Windows\system32\profapi.dll
0x000007fef4360000 - 0x000007fef4379000 	C:\Program Files\Java\jdk-11.0.2\bin\net.dll
0x000007fefc3e0000 - 0x000007fefc451000 	C:\Windows\system32\WINHTTP.dll
0x000007fefc370000 - 0x000007fefc3d5000 	C:\Windows\system32\webio.dll
0x000007fefdfc0000 - 0x000007fefe148000 	C:\Windows\system32\urlmon.dll
0x000007fefd8b0000 - 0x000007fefd8b4000 	C:\Windows\system32\api-ms-win-downlevel-ole32-l1-1-0.dll
0x000007fefd610000 - 0x000007fefd614000 	C:\Windows\system32\api-ms-win-downlevel-shlwapi-l1-1-0.dll
0x000007fefd5c0000 - 0x000007fefd5c5000 	C:\Windows\system32\api-ms-win-downlevel-advapi32-l1-1-0.dll
0x000007fefd710000 - 0x000007fefd714000 	C:\Windows\system32\api-ms-win-downlevel-user32-l1-1-0.dll
0x000007fefd6f0000 - 0x000007fefd6f4000 	C:\Windows\system32\api-ms-win-downlevel-version-l1-1-0.dll
0x000007fefd700000 - 0x000007fefd703000 	C:\Windows\system32\api-ms-win-downlevel-normaliz-l1-1-0.dll
0x0000000077b60000 - 0x0000000077b63000 	C:\Windows\system32\normaliz.DLL
0x000007fefe480000 - 0x000007fefe74a000 	C:\Windows\system32\iertutil.dll
0x000007fefe9d0000 - 0x000007fefee7c000 	C:\Windows\system32\WININET.dll
0x000007fefd6d0000 - 0x000007fefd6ee000 	C:\Windows\system32\USERENV.dll
0x000007fefca00000 - 0x000007fefca55000 	C:\Windows\system32\mswsock.dll
0x000007fefc9f0000 - 0x000007fefc9f7000 	C:\Windows\System32\wship6.dll
0x000007fef4340000 - 0x000007fef4353000 	C:\Program Files\Java\jdk-11.0.2\bin\nio.dll
0x000007fef4da0000 - 0x000007fef4daa000 	C:\Users\HP\Desktop\apache-maven-3.6.0-bin\apache-maven-3.6.0\lib\jansi-native\windows64\jansi.dll

dbghelp: loaded successfully - version: 4.0.5 - missing functions: none
symbol engine: initialized successfully - sym options: 0x614 - pdb path: .;C:\Program Files\Java\jdk-11.0.2\bin;C:\Windows\SYSTEM32;C:\Windows\WinSxS\amd64_microsoft.windows.common-controls_6595b64144ccf1df_6.0.7601.18837_none_fa3b1e3d17594757;C:\Program Files\Java\jdk-11.0.2\bin\server;C:\Users\HP\Desktop\apache-maven-3.6.0-bin\apache-maven-3.6.0\lib\jansi-native\windows64

VM Arguments:
jvm_args: -Dclassworlds.conf=C:/Users/HP/Desktop/apache-maven-3.6.0-bin/apache-maven-3.6.0/bin/m2.conf -Dmaven.home=C:/Users/HP/Desktop/apache-maven-3.6.0-bin/apache-maven-3.6.0 -Dlibrary.jansi.path=C:/Users/HP/Desktop/apache-maven-3.6.0-bin/apache-maven-3.6.0/lib/jansi-native -Dmaven.multiModuleProjectDirectory=C:/Users/HP/Desktop/apache-maven-3.6.0-bin/apache-maven-3.6.0/mymavenproject 
java_command: org.codehaus.plexus.classworlds.launcher.Launcher test
java_class_path (initial): C:/Users/HP/Desktop/apache-maven-3.6.0-bin/apache-maven-3.6.0/boot/plexus-classworlds-2.5.2.jar
Launcher Type: SUN_STANDARD

[Global flags]
     intx CICompilerCount                          = 3                                         {product} {ergonomic}
     uint ConcGCThreads                            = 1                                         {product} {ergonomic}
     uint G1ConcRefinementThreads                  = 4                                         {product} {ergonomic}
   size_t G1HeapRegionSize                         = 1048576                                   {product} {ergonomic}
    uintx GCDrainStackTargetSize                   = 64                                        {product} {ergonomic}
   size_t InitialHeapSize                          = 65011712                                  {product} {ergonomic}
   size_t MarkStackSize                            = 4194304                                   {product} {ergonomic}
   size_t MaxHeapSize                              = 1019215872                                {product} {ergonomic}
   size_t MaxNewSize                               = 611319808                                 {product} {ergonomic}
   size_t MinHeapDeltaBytes                        = 1048576                                   {product} {ergonomic}
    uintx NonNMethodCodeHeapSize                   = 5830092                                {pd product} {ergonomic}
    uintx NonProfiledCodeHeapSize                  = 122914074                              {pd product} {ergonomic}
    uintx ProfiledCodeHeapSize                     = 122914074                              {pd product} {ergonomic}
    uintx ReservedCodeCacheSize                    = 251658240                              {pd product} {ergonomic}
     bool SegmentedCodeCache                       = true                                      {product} {ergonomic}
     bool UseCompressedClassPointers               = true                                 {lp64_product} {ergonomic}
     bool UseCompressedOops                        = true                                 {lp64_product} {ergonomic}
     bool UseG1GC                                  = true                                      {product} {ergonomic}
     bool UseLargePagesIndividualAllocation        = false                                  {pd product} {ergonomic}

Logging:
Log output configuration:
 #0: stdout all=warning uptime,level,tags
 #1: stderr all=off uptime,level,tags

Environment Variables:
JAVA_HOME=C:/Program Files/Java/jdk-11.0.2
PATH=C:\Users\HP\bin;C:\Program Files\Git\mingw64\bin;C:\Program Files\Git\usr\local\bin;C:\Program Files\Git\usr\bin;C:\Program Files\Git\usr\bin;C:\Program Files\Git\mingw64\bin;C:\Program Files\Git\usr\bin;C:\Users\HP\bin;C:\Users\HP\Desktop\apache-maven-3.6.0-bin\apache-maven-3.6.0\bin;C:\Program Files\Java\jdk-11.0.2\bin;C:\Users\HP\Desktop\apache-maven-3.6.0;C:\Program Files\Git\usr\bin\vendor_perl;C:\Program Files\Git\usr\bin\core_perl
USERNAME=HP
SHELL=C:\Program Files\Git\usr\bin\bash.exe
DISPLAY=needs-to-be-defined
OS=Windows_NT
PROCESSOR_IDENTIFIER=Intel64 Family 6 Model 37 Stepping 5, GenuineIntel



---------------  S Y S T E M  ---------------

OS: Windows 7 , 64 bit Build 7601 (6.1.7601.24335)

CPU:total 4 (initial active 4) (2 cores per cpu, 2 threads per core) family 6 model 37 stepping 5, cmov, cx8, fxsr, mmx, sse, sse2, sse3, ssse3, sse4.1, sse4.2, popcnt, ht, tsc, tscinvbit

Memory: 4k page, system-wide physical 3887M (2260M free)
TotalPageFile size 7773M (AvailPageFile size 5857M)
current process WorkingSet (physical memory assigned to process): 58M, peak: 58M
current process commit charge ("private bytes"): 150M, peak: 150M

vm_info: Java HotSpot(TM) 64-Bit Server VM (11.0.2+9-LTS) for windows-amd64 JRE (11.0.2+9-LTS), built on Jan 18 2019 05:24:10 by "mach5one" with MS VC++ 15.5 (VS2017)

END.
